<?xml version="1.0" encoding="UTF-8"?>
<!-- Generated by org.testng.reporters.JUnitXMLReporter -->
<testsuite ignored="2" hostname="DESKTOP-NIH3UFP" failures="0" tests="4" name="Test" time="38.09" errors="0" timestamp="2023-03-27T12:58:25 IST">
  <testcase classname="restaurantModule.RestaurantModule" name="addRestaurant" time="5.334"/>
  <testcase classname="restaurantModule.RestaurantModule" name="editRestaurant" time="7.841"/>
  <testcase classname="menuModule.MenuModule" name="addmenuModule" time="3.526"/>
  <testcase classname="menuModule.MenuModule" name="editMenu" time="7.804"/>
  <testcase classname="com.GenericUtilities.BaseClass2" name="@BeforeSuite configBS" time="0.0">
    <ignored/>
  </testcase> <!-- @BeforeSuite configBS -->
  <testcase classname="com.GenericUtilities.BaseClass2" name="@AfterSuite configAS" time="0.0">
    <ignored/>
  </testcase> <!-- @AfterSuite configAS -->
</testsuite> <!-- Test -->
