<?xml version="1.0" encoding="UTF-8"?>
<testng-results ignored="0" total="1" passed="1" failed="0" skipped="0">
  <reporter-output>
  </reporter-output>
  <suite started-at="2023-04-07T09:57:08 IST" name="Default suite" finished-at="2023-04-07T09:57:20 IST" duration-ms="11999">
    <groups>
    </groups>
    <test started-at="2023-04-07T09:57:08 IST" name="Default test" finished-at="2023-04-07T09:57:20 IST" duration-ms="11999">
      <class name="menuModule.AddMenuTest">
        <test-method is-config="true" signature="configBS()[pri:0, instance:menuModule.AddMenuTest@4fb3ee4e]" started-at="2023-04-07T09:57:08 IST" name="configBS" finished-at="2023-04-07T09:57:08 IST" duration-ms="346" status="PASS">
          <reporter-output>
          </reporter-output>
        </test-method> <!-- configBS -->
        <test-method is-config="true" signature="configBc()[pri:0, instance:menuModule.AddMenuTest@4fb3ee4e]" started-at="2023-04-07T09:57:08 IST" name="configBc" finished-at="2023-04-07T09:57:13 IST" duration-ms="4309" status="PASS">
          <reporter-output>
          </reporter-output>
        </test-method> <!-- configBc -->
        <test-method is-config="true" signature="configBM()[pri:0, instance:menuModule.AddMenuTest@4fb3ee4e]" started-at="2023-04-07T09:57:13 IST" name="configBM" finished-at="2023-04-07T09:57:13 IST" duration-ms="444" status="PASS">
          <reporter-output>
          </reporter-output>
        </test-method> <!-- configBM -->
        <test-method signature="addmenuModule()[pri:0, instance:menuModule.AddMenuTest@4fb3ee4e]" started-at="2023-04-07T09:57:13 IST" name="addmenuModule" finished-at="2023-04-07T09:57:18 IST" duration-ms="4892" status="PASS">
          <reporter-output>
          </reporter-output>
        </test-method> <!-- addmenuModule -->
        <test-method is-config="true" signature="configAM()[pri:0, instance:menuModule.AddMenuTest@4fb3ee4e]" started-at="2023-04-07T09:57:18 IST" name="configAM" finished-at="2023-04-07T09:57:20 IST" duration-ms="1684" status="PASS">
          <reporter-output>
          </reporter-output>
        </test-method> <!-- configAM -->
        <test-method is-config="true" signature="configAC()[pri:0, instance:menuModule.AddMenuTest@4fb3ee4e]" started-at="2023-04-07T09:57:20 IST" name="configAC" finished-at="2023-04-07T09:57:20 IST" duration-ms="615" status="PASS">
          <reporter-output>
          </reporter-output>
        </test-method> <!-- configAC -->
        <test-method is-config="true" signature="configAS()[pri:0, instance:menuModule.AddMenuTest@4fb3ee4e]" started-at="2023-04-07T09:57:20 IST" name="configAS" finished-at="2023-04-07T09:57:20 IST" duration-ms="10" status="PASS">
          <reporter-output>
          </reporter-output>
        </test-method> <!-- configAS -->
      </class> <!-- menuModule.AddMenuTest -->
    </test> <!-- Default test -->
  </suite> <!-- Default suite -->
</testng-results>
