<?xml version="1.0" encoding="UTF-8"?>
<testng-results skipped="0" failed="0" ignored="0" total="1" passed="1">
  <reporter-output>
  </reporter-output>
  <suite name="Default suite" duration-ms="169" started-at="2023-04-04T13:24:19 IST" finished-at="2023-04-04T13:24:19 IST">
    <groups>
    </groups>
    <test name="Default test" duration-ms="169" started-at="2023-04-04T13:24:19 IST" finished-at="2023-04-04T13:24:19 IST">
      <class name="com.MavenPractice.myclass">
        <test-method status="PASS" signature="m1()[pri:0, instance:com.MavenPractice.myclass@32d2fa64]" name="m1" duration-ms="28" started-at="2023-04-04T13:24:19 IST" finished-at="2023-04-04T13:24:19 IST">
          <reporter-output>
          </reporter-output>
        </test-method> <!-- m1 -->
      </class> <!-- com.MavenPractice.myclass -->
    </test> <!-- Default test -->
  </suite> <!-- Default suite -->
</testng-results>
